<?xml version="1.0" encoding="UTF-8"?>
<testng-results skipped="0" failed="0" ignored="0" total="2" passed="2">
  <reporter-output>
  </reporter-output>
  <suite name="Suite1" duration-ms="9546" started-at="2020-10-22T19:58:51Z" finished-at="2020-10-22T19:59:01Z">
    <groups>
    </groups>
    <test name="firefoxtest" duration-ms="7480" started-at="2020-10-22T19:58:51Z" finished-at="2020-10-22T19:58:59Z">
      <class name="com.codepractice.CrossBrowser">
        <test-method status="PASS" signature="getBrowser(java.lang.String)[pri:0, instance:com.codepractice.CrossBrowser@4386f16]" name="getBrowser" duration-ms="7434" started-at="2020-10-22T19:58:51Z" finished-at="2020-10-22T19:58:59Z">
          <params>
            <param index="0">
              <value>
                <![CDATA[firefox]]>
              </value>
            </param>
          </params>
          <reporter-output>
          </reporter-output>
        </test-method> <!-- getBrowser -->
      </class> <!-- com.codepractice.CrossBrowser -->
    </test> <!-- firefoxtest -->
    <test name="chrometest" duration-ms="9546" started-at="2020-10-22T19:58:51Z" finished-at="2020-10-22T19:59:01Z">
      <class name="com.codepractice.CrossBrowser">
        <test-method status="PASS" signature="getBrowser(java.lang.String)[pri:0, instance:com.codepractice.CrossBrowser@51e5fc98]" name="getBrowser" duration-ms="9502" started-at="2020-10-22T19:58:51Z" finished-at="2020-10-22T19:59:01Z">
          <params>
            <param index="0">
              <value>
                <![CDATA[chrome]]>
              </value>
            </param>
          </params>
          <reporter-output>
          </reporter-output>
        </test-method> <!-- getBrowser -->
      </class> <!-- com.codepractice.CrossBrowser -->
    </test> <!-- chrometest -->
  </suite> <!-- Suite1 -->
</testng-results>
