<?xml version="1.0" encoding="UTF-8"?>
<testng-results skipped="0" failed="0" ignored="0" total="2" passed="2">
  <reporter-output>
  </reporter-output>
  <suite name="Suite1" duration-ms="15617" started-at="2020-11-07T18:06:57Z" finished-at="2020-11-07T18:07:13Z">
    <groups>
    </groups>
    <test name="chrometest" duration-ms="9778" started-at="2020-11-07T18:06:57Z" finished-at="2020-11-07T18:07:07Z">
      <class name="com.codepractice.CrossbrowserTest">
        <test-method status="PASS" signature="SampleCrossBrowser(java.lang.String)[pri:0, instance:com.codepractice.CrossbrowserTest@51e5fc98]" name="SampleCrossBrowser" duration-ms="9734" started-at="2020-11-07T18:06:57Z" finished-at="2020-11-07T18:07:07Z">
          <params>
            <param index="0">
              <value>
                <![CDATA[chrome]]>
              </value>
            </param>
          </params>
          <reporter-output>
          </reporter-output>
        </test-method> <!-- SampleCrossBrowser -->
      </class> <!-- com.codepractice.CrossbrowserTest -->
    </test> <!-- chrometest -->
    <test name="firefoxtest" duration-ms="5814" started-at="2020-11-07T18:07:07Z" finished-at="2020-11-07T18:07:13Z">
      <class name="com.codepractice.CrossbrowserTest">
        <test-method status="PASS" signature="SampleCrossBrowser(java.lang.String)[pri:0, instance:com.codepractice.CrossbrowserTest@4386f16]" name="SampleCrossBrowser" duration-ms="5810" started-at="2020-11-07T18:07:07Z" finished-at="2020-11-07T18:07:13Z">
          <params>
            <param index="0">
              <value>
                <![CDATA[firefox]]>
              </value>
            </param>
          </params>
          <reporter-output>
          </reporter-output>
        </test-method> <!-- SampleCrossBrowser -->
      </class> <!-- com.codepractice.CrossbrowserTest -->
    </test> <!-- firefoxtest -->
  </suite> <!-- Suite1 -->
</testng-results>
